<?xml version="1.0" encoding="UTF-8"?>
<!-- Generated by org.testng.reporters.JUnitXMLReporter -->
<testsuite ignored="1" hostname="DESKTOP-3FQN7BV" failures="0" tests="2" name="Submit Order Test" time="22.932" errors="0" timestamp="2025-10-30T01:39:05 PDT">
  <testcase classname="milacode.tests.SubmitOrderTest" name="submitOrder" time="8.045"/>
  <testcase classname="milacode.tests.SubmitOrderTest" name="submitOrder" time="6.443"/>
  <testcase classname="milacode.tests.SubmitOrderTest" name="OrderHistoryTest" time="0.0">
    <ignored/>
  </testcase> <!-- OrderHistoryTest -->
</testsuite> <!-- Submit Order Test -->
