<?xml version="1.0" encoding="UTF-8"?>
<!-- Generated by org.testng.reporters.JUnitXMLReporter -->
<testsuite ignored="0" hostname="DESKTOP-3FQN7BV" failures="0" tests="2" name="Error Validation Test" time="14.167" errors="0" timestamp="2025-10-30T04:14:25 PDT">
  <testcase classname="milacode.tests.ErrorValidations" name="LoginErrorValidation" time="1.288"/>
  <testcase classname="milacode.tests.ErrorValidations" name="ProductErrorValidation" time="6.071"/>
</testsuite> <!-- Error Validation Test -->
