<?xml version="1.0" encoding="UTF-8"?>
<!-- Generated by org.testng.reporters.JUnitXMLReporter -->
<testsuite ignored="0" hostname="DESKTOP-3FQN7BV" failures="0" tests="3" name="Submit Order Test" time="27.213" errors="0" timestamp="2025-10-30T04:14:11 PDT">
  <testcase classname="milacode.tests.SubmitOrderTest" name="submitOrder" time="5.484"/>
  <testcase classname="milacode.tests.SubmitOrderTest" name="submitOrder" time="8.561"/>
  <testcase classname="milacode.tests.SubmitOrderTest" name="OrderHistoryTest" time="2.345"/>
</testsuite> <!-- Submit Order Test -->
